<?xml version="1.0" encoding="UTF-8"?>
<testsuite xmlns:xsi="http://www.w3.org/2001/XMLSchema-instance" xsi:noNamespaceSchemaLocation="https://maven.apache.org/surefire/maven-surefire-plugin/xsd/surefire-test-report-3.0.xsd" version="3.0" name="steps.TestRunner" time="14.966" tests="5" errors="1" skipped="1" failures="1">
  <properties>
[...]
</properties>
  <testcase name="Example #1.1" classname="Examples" time="3.618">
    <failure message="La URL despues del login no es la esperada. ==&gt; expected: &lt;https://courses.ultimateqa.com/collections&gt; but was: &lt;https://courses.ultimateqa.com/users/sign_in&gt;" type="org.opentest4j.AssertionFailedError"><![CDATA[org.opentest4j.AssertionFailedError: La URL despues del login no es la esperada. ==> expected: <https://courses.ultimateqa.com/collections> but was: <https://courses.ultimateqa.com/users/sign_in>
	at steps.LoginSteps.sistemaMuestraResultado(LoginSteps.java:35)
	at ✽.el sistema muestra el resultado "exitoso"(classpath:features/Login.feature:11)
]]></failure>
    <system-out><![CDATA[
@Login @Regression @SmokeTest
Scenario Outline: Validacion de inicio de sesion con diferentes credenciales       &amp#27;[90m# features/Login.feature:15&amp#27;[0m
  &amp#27;[32mGiven &amp#27;[0m&amp#27;[32mel usuario se encuentra en la pagina de inicio de sesion&amp#27;[0m                   &amp#27;[90m# steps.LoginSteps.abrirPaginaInicioSesion()&amp#27;[0m
  &amp#27;[32mWhen &amp#27;[0m&amp#27;[32mel usuario ingresa el correo &amp#27;[0m&amp#27;[32m&amp#27;[1m"fabian@gmail.com"&amp#27;[0m&amp#27;[32m y la contrasena &amp#27;[0m&amp#27;[32m&amp#27;[1m"123456789"&amp#27;[0m &amp#27;[90m# steps.LoginSteps.ingresaCredenciales(java.lang.String,java.lang.String)&amp#27;[0m
  &amp#27;[32mAnd &amp#27;[0m&amp#27;[32mhace clic en el boton de inicio de sesion&amp#27;[0m                                    &amp#27;[90m# steps.LoginSteps.clicBotonInicioSesion()&amp#27;[0m
  &amp#27;[31mThen &amp#27;[0m&amp#27;[31mel sistema muestra el resultado &amp#27;[0m&amp#27;[31m&amp#27;[1m"exitoso"&amp#27;[0m                                   &amp#27;[90m# steps.LoginSteps.sistemaMuestraResultado(java.lang.String)&amp#27;[0m
      &amp#27;[31morg.opentest4j.AssertionFailedError: La URL despues del login no es la esperada. ==> expected: <https://courses.ultimateqa.com/collections> but was: <https://courses.ultimateqa.com/users/sign_in>
	at org.junit.jupiter.api.AssertionFailureBuilder.build(AssertionFailureBuilder.java:151)
	at org.junit.jupiter.api.AssertionFailureBuilder.buildAndThrow(AssertionFailureBuilder.java:132)
	at org.junit.jupiter.api.AssertEquals.failNotEqual(AssertEquals.java:197)
	at org.junit.jupiter.api.AssertEquals.assertEquals(AssertEquals.java:182)
	at org.junit.jupiter.api.Assertions.assertEquals(Assertions.java:1156)
	at steps.LoginSteps.sistemaMuestraResultado(LoginSteps.java:35)
	at âœ½.el sistema muestra el resultado "exitoso"(classpath:features/Login.feature:11)
&amp#27;[0m
El escenario ha fallado. Tomando captura de pantalla.

    Embedding Captura de escenario fallido [image/png 47962 bytes]

]]></system-out>
    <system-err><![CDATA[ago. 08, 2025 8:39:22 P. M. org.openqa.selenium.devtools.CdpVersionFinder findNearestMatch
WARNING: Unable to find CDP implementation matching 139
ago. 08, 2025 8:39:22 P. M. org.openqa.selenium.chromium.ChromiumDriver lambda$new$5
WARNING: Unable to find version of CDP to use for 139.0.7258.66. You may need to include a dependency on a specific version of the CDP using something similar to `org.seleniumhq.selenium:selenium-devtools-v86:4.21.0` where the version ("v86") matches the version of the chromium-based browser you're using and the version number of the artifact is the same as Selenium's.
]]></system-err>
  </testcase>
  <testcase name="Example #1.2" classname="Examples" time="4.955">
    <system-out><![CDATA[
@Login @Regression @SmokeTest
Scenario Outline: Validacion de inicio de sesion con diferentes credenciales             &amp#27;[90m# features/Login.feature:16&amp#27;[0m
  &amp#27;[32mGiven &amp#27;[0m&amp#27;[32mel usuario se encuentra en la pagina de inicio de sesion&amp#27;[0m                         &amp#27;[90m# steps.LoginSteps.abrirPaginaInicioSesion()&amp#27;[0m
  &amp#27;[32mWhen &amp#27;[0m&amp#27;[32mel usuario ingresa el correo &amp#27;[0m&amp#27;[32m&amp#27;[1m"fabian@gmail.com"&amp#27;[0m&amp#27;[32m y la contrasena &amp#27;[0m&amp#27;[32m&amp#27;[1m"pass-incorrecto"&amp#27;[0m &amp#27;[90m# steps.LoginSteps.ingresaCredenciales(java.lang.String,java.lang.String)&amp#27;[0m
  &amp#27;[32mAnd &amp#27;[0m&amp#27;[32mhace clic en el boton de inicio de sesion&amp#27;[0m                                          &amp#27;[90m# steps.LoginSteps.clicBotonInicioSesion()&amp#27;[0m
  &amp#27;[32mThen &amp#27;[0m&amp#27;[32mel sistema muestra el resultado &amp#27;[0m&amp#27;[32m&amp#27;[1m"fallido"&amp#27;[0m                                         &amp#27;[90m# steps.LoginSteps.sistemaMuestraResultado(java.lang.String)&amp#27;[0m
]]></system-out>
    <system-err><![CDATA[ago. 08, 2025 8:39:25 P. M. org.openqa.selenium.devtools.CdpVersionFinder findNearestMatch
WARNING: Unable to find CDP implementation matching 139
ago. 08, 2025 8:39:25 P. M. org.openqa.selenium.chromium.ChromiumDriver lambda$new$5
WARNING: Unable to find version of CDP to use for 139.0.7258.66. You may need to include a dependency on a specific version of the CDP using something similar to `org.seleniumhq.selenium:selenium-devtools-v86:4.21.0` where the version ("v86") matches the version of the chromium-based browser you're using and the version number of the artifact is the same as Selenium's.
]]></system-err>
  </testcase>
  <testcase name="Example #1.3" classname="Examples" time="5.392">
    <system-out><![CDATA[
@Login @Regression @SmokeTest
Scenario Outline: Validacion de inicio de sesion con diferentes credenciales       &amp#27;[90m# features/Login.feature:17&amp#27;[0m
  &amp#27;[32mGiven &amp#27;[0m&amp#27;[32mel usuario se encuentra en la pagina de inicio de sesion&amp#27;[0m                   &amp#27;[90m# steps.LoginSteps.abrirPaginaInicioSesion()&amp#27;[0m
  &amp#27;[32mWhen &amp#27;[0m&amp#27;[32mel usuario ingresa el correo &amp#27;[0m&amp#27;[32m&amp#27;[1m"usuario@qa.com"&amp#27;[0m&amp#27;[32m y la contrasena &amp#27;[0m&amp#27;[32m&amp#27;[1m"Password123"&amp#27;[0m &amp#27;[90m# steps.LoginSteps.ingresaCredenciales(java.lang.String,java.lang.String)&amp#27;[0m
  &amp#27;[32mAnd &amp#27;[0m&amp#27;[32mhace clic en el boton de inicio de sesion&amp#27;[0m                                    &amp#27;[90m# steps.LoginSteps.clicBotonInicioSesion()&amp#27;[0m
  &amp#27;[32mThen &amp#27;[0m&amp#27;[32mel sistema muestra el resultado &amp#27;[0m&amp#27;[32m&amp#27;[1m"fallido"&amp#27;[0m                                   &amp#27;[90m# steps.LoginSteps.sistemaMuestraResultado(java.lang.String)&amp#27;[0m
]]></system-out>
    <system-err><![CDATA[ago. 08, 2025 8:39:30 P. M. org.openqa.selenium.devtools.CdpVersionFinder findNearestMatch
WARNING: Unable to find CDP implementation matching 139
ago. 08, 2025 8:39:30 P. M. org.openqa.selenium.chromium.ChromiumDriver lambda$new$5
WARNING: Unable to find version of CDP to use for 139.0.7258.66. You may need to include a dependency on a specific version of the CDP using something similar to `org.seleniumhq.selenium:selenium-devtools-v86:4.21.0` where the version ("v86") matches the version of the chromium-based browser you're using and the version number of the artifact is the same as Selenium's.
]]></system-err>
  </testcase>
  <testcase name="Registro de un nuevo usuario de forma exitosa" classname="Funcionalidad de Registro de Usuario" time="0.0">
    <skipped message="&apos;cucumber.filter.tags=@SmokeTest&apos; did not match this scenario"/>
  </testcase>
  <testcase name="Registro fallido al usar un correo ya existente" classname="Funcionalidad de Registro de Usuario" time="0.735">
    <error message="The step &apos;un usuario nuevo se encuentra en la pagina de registro&apos; and 5 other step(s) are undefined.&#10;You can implement these steps using the snippet(s) below:&#10;&#10;@Given(&quot;un usuario nuevo se encuentra en la pagina de registro&quot;)&#10;public void un_usuario_nuevo_se_encuentra_en_la_pagina_de_registro() {&#10;    // Write code here that turns the phrase above into concrete actions&#10;    throw new io.cucumber.java.PendingException();&#10;}&#10;@When(&quot;ingresa su nombre {string} y su apellido {string}&quot;)&#10;public void ingresa_su_nombre_y_su_apellido(String string, String string2) {&#10;    // Write code here that turns the phrase above into concrete actions&#10;    throw new io.cucumber.java.PendingException();&#10;}&#10;@When(&quot;ingresa su correo electronico {string} que ya esta en uso&quot;)&#10;public void ingresa_su_correo_electronico_que_ya_esta_en_uso(String string) {&#10;    // Write code here that turns the phrase above into concrete actions&#10;    throw new io.cucumber.java.PendingException();&#10;}&#10;@When(&quot;ingresa una contrasena valida&quot;)&#10;public void ingresa_una_contrasena_valida() {&#10;    // Write code here that turns the phrase above into concrete actions&#10;    throw new io.cucumber.java.PendingException();&#10;}&#10;@When(&quot;hace clic en el boton de registro&quot;)&#10;public void hace_clic_en_el_boton_de_registro() {&#10;    // Write code here that turns the phrase above into concrete actions&#10;    throw new io.cucumber.java.PendingException();&#10;}&#10;@Then(&quot;el sistema muestra un mensaje de error indicando que el correo ya existe&quot;)&#10;public void el_sistema_muestra_un_mensaje_de_error_indicando_que_el_correo_ya_existe() {&#10;    // Write code here that turns the phrase above into concrete actions&#10;    throw new io.cucumber.java.PendingException();&#10;}&#10;" type="io.cucumber.junit.platform.engine.UndefinedStepException"><![CDATA[io.cucumber.junit.platform.engine.UndefinedStepException: 
The step 'un usuario nuevo se encuentra en la pagina de registro' and 5 other step(s) are undefined.
You can implement these steps using the snippet(s) below:

@Given("un usuario nuevo se encuentra en la pagina de registro")
public void un_usuario_nuevo_se_encuentra_en_la_pagina_de_registro() {
    // Write code here that turns the phrase above into concrete actions
    throw new io.cucumber.java.PendingException();
}
@When("ingresa su nombre {string} y su apellido {string}")
public void ingresa_su_nombre_y_su_apellido(String string, String string2) {
    // Write code here that turns the phrase above into concrete actions
    throw new io.cucumber.java.PendingException();
}
@When("ingresa su correo electronico {string} que ya esta en uso")
public void ingresa_su_correo_electronico_que_ya_esta_en_uso(String string) {
    // Write code here that turns the phrase above into concrete actions
    throw new io.cucumber.java.PendingException();
}
@When("ingresa una contrasena valida")
public void ingresa_una_contrasena_valida() {
    // Write code here that turns the phrase above into concrete actions
    throw new io.cucumber.java.PendingException();
}
@When("hace clic en el boton de registro")
public void hace_clic_en_el_boton_de_registro() {
    // Write code here that turns the phrase above into concrete actions
    throw new io.cucumber.java.PendingException();
}
@Then("el sistema muestra un mensaje de error indicando que el correo ya existe")
public void el_sistema_muestra_un_mensaje_de_error_indicando_que_el_correo_ya_existe() {
    // Write code here that turns the phrase above into concrete actions
    throw new io.cucumber.java.PendingException();
}

	at io.cucumber.core.runtime.TestCaseResultObserver.assertTestCasePassed(TestCaseResultObserver.java:69)
	at io.cucumber.junit.platform.engine.TestCaseResultObserver.assertTestCasePassed(TestCaseResultObserver.java:22)
	at io.cucumber.junit.platform.engine.CucumberEngineExecutionContext.lambda$runTestCase$4(CucumberEngineExecutionContext.java:114)
	at io.cucumber.core.runtime.CucumberExecutionContext.lambda$runTestCase$5(CucumberExecutionContext.java:136)
	at io.cucumber.core.runtime.RethrowingThrowableCollector.executeAndThrow(RethrowingThrowableCollector.java:23)
	at io.cucumber.core.runtime.CucumberExecutionContext.runTestCase(CucumberExecutionContext.java:136)
	at io.cucumber.junit.platform.engine.CucumberEngineExecutionContext.runTestCase(CucumberEngineExecutionContext.java:109)
	at io.cucumber.junit.platform.engine.NodeDescriptor$PickleDescriptor.execute(NodeDescriptor.java:168)
	at io.cucumber.junit.platform.engine.NodeDescriptor$PickleDescriptor.execute(NodeDescriptor.java:90)
	at java.base/java.util.ArrayList.forEach(ArrayList.java:1511)
	at java.base/java.util.ArrayList.forEach(ArrayList.java:1511)
]]></error>
    <system-out><![CDATA[
@Registro @Regression @SmokeTest
Scenario: Registro fallido al usar un correo ya existente                       &amp#27;[90m# features/Registro.feature:16&amp#27;[0m
  &amp#27;[33mGiven &amp#27;[0m&amp#27;[33mun usuario nuevo se encuentra en la pagina de registro&amp#27;[0m
  &amp#27;[36mWhen &amp#27;[0m&amp#27;[36mingresa su nombre "Usuario" y su apellido "Existente"&amp#27;[0m
  &amp#27;[36mAnd &amp#27;[0m&amp#27;[36mingresa su correo electronico "test@google.com" que ya esta en uso&amp#27;[0m
  &amp#27;[36mAnd &amp#27;[0m&amp#27;[36mingresa una contrasena valida&amp#27;[0m
  &amp#27;[36mAnd &amp#27;[0m&amp#27;[36mhace clic en el boton de registro&amp#27;[0m
  &amp#27;[36mThen &amp#27;[0m&amp#27;[36mel sistema muestra un mensaje de error indicando que el correo ya existe&amp#27;[0m
]]></system-out>
    <system-err><![CDATA[ago. 08, 2025 8:39:35 P. M. org.openqa.selenium.devtools.CdpVersionFinder findNearestMatch
WARNING: Unable to find CDP implementation matching 139
ago. 08, 2025 8:39:35 P. M. org.openqa.selenium.chromium.ChromiumDriver lambda$new$5
WARNING: Unable to find version of CDP to use for 139.0.7258.66. You may need to include a dependency on a specific version of the CDP using something similar to `org.seleniumhq.selenium:selenium-devtools-v86:4.21.0` where the version ("v86") matches the version of the chromium-based browser you're using and the version number of the artifact is the same as Selenium's.
]]></system-err>
  </testcase>
</testsuite>